MPASM 5.77  /HOME/JV/MPLABXPROJECTS/ATIVIDAD   1-14-2024  20:52:34         PAGE  1


LOC  OBJECT CODE     LINE SOURCE TEXT
  VALUE

                      00001 ;* * * * * * * * * * * * * * * * * * * * * * * * * * * * * * * * * *
                      00002 ;*              MODIFICAÇÕES PARA USO COM 12F675                   *
                      00003 ;*                FEITAS PELO PROF. MARDSON                        *
                      00004 ;*                      DEZEMBRO DE 2023                           *
                      00005 ;*                 BASEADO NO EXEMPLO DO LIVRO                     *
                      00006 ;*           Desbravando o PIC. David José de Souza                *
                      00007 ;*-----------------------------------------------------------------*
                      00008 ;*   MODELO PARA O PIC 12F675                                      *
                      00009 ;* * * * * * * * * * * * * * * * * * * * * * * * * * * * * * * * * *
                      00010 
                      00011 ;* * * * * * * * * * * * * * * * * * * * * * * * * * * * * * * * * *
                      00012 ;*                     ARQUIVOS DE DEFINIÇÕES                      *
                      00013 ;* * * * * * * * * * * * * * * * * * * * * * * * * * * * * * * * * *
                      00014 #INCLUDE <p12f675.inc>  ;ARQUIVO PADRÃO MICROCHIP PARA 12F675
                      00001         LIST
                      00002 
                      00003 ;==========================================================================
                      00004 ; Build date : Nov 22 2017
                      00005 ;  MPASM PIC12F675 processor include
                      00006 ; 
                      00007 ;  (c) Copyright 1999-2017 Microchip Technology, All rights reserved
                      00008 ;==========================================================================
                      00009 
                      00367         LIST
                      00015 
2007   3FA4           00016         __CONFIG _BODEN_OFF & _CP_OFF & _PWRTE_ON & _WDT_OFF & _MCLRE_ON & _INTRC_OSC_NOCLKOUT
                      00017 
                      00018 ;* * * * * * * * * * * * * * * * * * * * * * * * * * * * * * * * * *
                      00019 ;*                    PAGINAÇÃO DE MEMÓRIA                         *
                      00020 ;* * * * * * * * * * * * * * * * * * * * * * * * * * * * * * * * * *
                      00021 ;DEFINIÇÃO DE COMANDOS DE USUÁRIO PARA ALTERAÇÃO DA PÁGINA DE MEMÓRIA
                      00022 #DEFINE BANK0   BCF STATUS,RP0  ;SETA BANK 0 DE MEMÓRIA
                      00023 #DEFINE BANK1   BSF STATUS,RP0  ;SETA BANK 1 DE MAMÓRIA
                      00024 
                      00025 ;* * * * * * * * * * * * * * * * * * * * * * * * * * * * * * * * * *
                      00026 ;*                         VARIÁVEIS                               *
                      00027 ;* * * * * * * * * * * * * * * * * * * * * * * * * * * * * * * * * *
                      00028 ; DEFINIÇÃO DOS NOMES E ENDEREÇOS DE TODAS AS VARIÁVEIS UTILIZADAS 
                      00029 ; PELO SISTEMA
                      00030 
                      00031         CBLOCK  0x20    ;ENDEREÇO INICIAL DA MEMÓRIA DE
                      00032                                         ;USUÁRIO
  00000020            00033                 W_TEMP          ;REGISTRADORES TEMPORÁRIOS PARA USO
  00000021            00034                 STATUS_TEMP     ;JUNTO ÀS INTERRUPÇÕES
                      00035 
                      00036                 ;COLOQUE AQUI SUAS NOVAS VARIÁVEIS
  00000022            00037                 DADO
  00000023            00038                 WORK
  00000024            00039                 DIVIDENDO
  00000025            00040                 DIVISOR
  00000026            00041                 ACUMULADOR
  00000027            00042                 CONTADOR
                      00043                 
MPASM 5.77  /HOME/JV/MPLABXPROJECTS/ATIVIDAD   1-14-2024  20:52:34         PAGE  2


LOC  OBJECT CODE     LINE SOURCE TEXT
  VALUE

                      00044                 ;NÃO ESQUEÇA COMENTÁRIOS ESCLARECEDORES
                      00045 
                      00046         ENDC                    ;FIM DO BLOCO DE DEFINIÇÃO DE VARIÁVEIS
                      00047 
                      00048 ;* * * * * * * * * * * * * * * * * * * * * * * * * * * * * * * * * *
                      00049 ;*                        FLAGS INTERNOS                           *
                      00050 ;* * * * * * * * * * * * * * * * * * * * * * * * * * * * * * * * * *
                      00051 ; DEFINIÇÃO DE TODOS OS FLAGS UTILIZADOS PELO SISTEMA
                      00052 
                      00053 ;* * * * * * * * * * * * * * * * * * * * * * * * * * * * * * * * * *
                      00054 ;*                         CONSTANTES                              *
                      00055 ;* * * * * * * * * * * * * * * * * * * * * * * * * * * * * * * * * *
                      00056 ; DEFINIÇÃO DE TODAS AS CONSTANTES UTILIZADAS PELO SISTEMA
                      00057 
                      00058 ;* * * * * * * * * * * * * * * * * * * * * * * * * * * * * * * * * *
                      00059 ;*                           ENTRADAS                              *
                      00060 ;* * * * * * * * * * * * * * * * * * * * * * * * * * * * * * * * * *
                      00061 ; DEFINIÇÃO DE TODOS OS PINOS QUE SERÃO UTILIZADOS COMO ENTRADA
                      00062 ; RECOMENDAMOS TAMBÉM COMENTAR O SIGNIFICADO DE SEUS ESTADOS (0 E 1)
                      00063 
                      00064 ;* * * * * * * * * * * * * * * * * * * * * * * * * * * * * * * * * *
                      00065 ;*                           SAÍDAS                                *
                      00066 ;* * * * * * * * * * * * * * * * * * * * * * * * * * * * * * * * * *
                      00067 ; DEFINIÇÃO DE TODOS OS PINOS QUE SERÃO UTILIZADOS COMO SAÍDA
                      00068 ; RECOMENDAMOS TAMBÉM COMENTAR O SIGNIFICADO DE SEUS ESTADOS (0 E 1)
                      00069 
                      00070 ;* * * * * * * * * * * * * * * * * * * * * * * * * * * * * * * * * *
                      00071 ;*                       VETOR DE RESET                            *
                      00072 ;* * * * * * * * * * * * * * * * * * * * * * * * * * * * * * * * * *
                      00073 
0000                  00074         ORG     0x00                    ;ENDEREÇO INICIAL DE PROCESSAMENTO
0000   2823           00075         GOTO    INICIO
                      00076         
                      00077 ;* * * * * * * * * * * * * * * * * * * * * * * * * * * * * * * * * *
                      00078 ;*                    INÍCIO DA INTERRUPÇÃO                        *
                      00079 ;* * * * * * * * * * * * * * * * * * * * * * * * * * * * * * * * * *
                      00080 ; ENDEREÇO DE DESVIO DAS INTERRUPÇÕES. A PRIMEIRA TAREFA É SALVAR OS
                      00081 ; VALORES DE "W" E "STATUS" PARA RECUPERAÇÃO FUTURA
                      00082 
0004                  00083         ORG     0x04                    ;ENDEREÇO INICIAL DA INTERRUPÇÃO
0004   00A0           00084         MOVWF   W_TEMP          ;COPIA W PARA W_TEMP
0005   0E03           00085         SWAPF   STATUS,W
0006   00A1           00086         MOVWF   STATUS_TEMP     ;COPIA STATUS PARA STATUS_TEMP
                      00087 
                      00088 ;* * * * * * * * * * * * * * * * * * * * * * * * * * * * * * * * * *
                      00089 ;*                    ROTINA DE INTERRUPÇÃO                        *
                      00090 ;* * * * * * * * * * * * * * * * * * * * * * * * * * * * * * * * * *
                      00091 ; AQUI SERÃO ESCRITAS AS ROTINAS DE RECONHECIMENTO E TRATAMENTO DAS
                      00092 ; INTERRUPÇÕES
                      00093 
                      00094 ;* * * * * * * * * * * * * * * * * * * * * * * * * * * * * * * * * *
                      00095 ;*                 ROTINA DE SAÍDA DA INTERRUPÇÃO                  *
                      00096 ;* * * * * * * * * * * * * * * * * * * * * * * * * * * * * * * * * *
MPASM 5.77  /HOME/JV/MPLABXPROJECTS/ATIVIDAD   1-14-2024  20:52:34         PAGE  3


LOC  OBJECT CODE     LINE SOURCE TEXT
  VALUE

                      00097 ; OS VALORES DE "W" E "STATUS" DEVEM SER RECUPERADOS ANTES DE 
                      00098 ; RETORNAR DA INTERRUPÇÃO
                      00099 
0007                  00100 SAI_INT
0007   0E21           00101         SWAPF   STATUS_TEMP,W
0008   0083           00102         MOVWF   STATUS          ;MOVE STATUS_TEMP PARA STATUS
0009   0EA0           00103         SWAPF   W_TEMP,F
000A   0E20           00104         SWAPF   W_TEMP,W        ;MOVE W_TEMP PARA W
000B   0009           00105         RETFIE
                      00106 
                      00107 ;* * * * * * * * * * * * * * * * * * * * * * * * * * * * * * * * * *
                      00108 ;*                       ROTINAS E SUBROTINAS                      *
                      00109 ;* * * * * * * * * * * * * * * * * * * * * * * * * * * * * * * * * *
                      00110 ; CADA ROTINA OU SUBROTINA DEVE POSSUIR A DESCRIÇÃO DE FUNCIONAMENTO
                      00111 ; E UM NOME COERENTE ÀS SUAS FUNÇÕES.
                      00112 
                      00113 ; ENTRADA: -
                      00114 ; SAÍDA: WREG <- CONTADOR-1
                      00115 ; DESCRIÇÃO: CALCULA QUANTOS DIVISORES CABEM (NÃO EXCEDEM) O DIVIDENDO, E RETORNA EM WREG
000C                  00116 CONTAR_DIVISORES
                      00117         ; PREPARANDO PARA A CONTAGEM
000C   3000           00118         MOVLW .0
000D   00A6           00119         MOVWF ACUMULADOR
000E   3000           00120         MOVLW .0
000F   00A7           00121         MOVWF CONTADOR
                      00122         
                      00123         ; CONTANDO QUANTOS DIVISORES CABEM NO DIVIDENDO
                      00124         ; ENQUANTO ACUMULADOR <= DIVIDENDO
Warning[207]: Found label after column 1. (ENQUANTO)
0010                  00125         ENQUANTO
0010   0826           00126             MOVFW ACUMULADOR
0011   0224           00127             SUBWF DIVIDENDO, .0 ; DIVIDENDO - ACUMULADOR
0012   1C03           00128             BTFSS STATUS, C ; PULAR O CICLO SE ACUMULADOR > DIVIDENDO
0013   2818           00129             GOTO FIM_ENQUANTO
                      00130             
                      00131             ; CORPO DO ENQUANTO
0014   0825           00132             MOVFW DIVISOR
Message[305]: Using default destination of 1 (file).
0015   07A6           00133             ADDWF ACUMULADOR ; ACUMULADOR <- ACUMULADOR + DIVISOR
Message[305]: Using default destination of 1 (file).
0016   0AA7           00134             INCF CONTADOR
                      00135             
0017   2810           00136             GOTO ENQUANTO
Warning[207]: Found label after column 1. (FIM_ENQUANTO)
0018                  00137         FIM_ENQUANTO
                      00138         
                      00139         ; SALVANDO O RESULTADO (PARTE INTEIRA EM DADO)
0018   0327           00140         DECF CONTADOR, .0 ; DEIXANDO O VALOR DECREMENTADO NO WREG
                      00141         
0019   0008           00142         RETURN
                      00143 
                      00144 ; ENTRADA: ACUMULADOR (RESTO)
                      00145 ; SAÍDA: DIVIDENDO <- RESTO*10
MPASM 5.77  /HOME/JV/MPLABXPROJECTS/ATIVIDAD   1-14-2024  20:52:34         PAGE  4


LOC  OBJECT CODE     LINE SOURCE TEXT
  VALUE

                      00146 ; DESCRIÇÃO: MULTIPLICA POR 10 O ÚLTIMO RESTO CALCULADO, E COLOCA NA VARIÁVEL DIVIDENDO
001A                  00147 ATUALIZAR_DIVIDENDO
                      00148         ; ACUMULADOR*10 -> DIVIDENDO
001A   3000           00149         MOVLW .0
001B   00A4           00150         MOVWF DIVIDENDO
001C   300A           00151         MOVLW .10
001D   00A7           00152         MOVWF CONTADOR
Warning[207]: Found label after column 1. (FOR_MULTIPLICAR_POR_10)
001E                  00153         FOR_MULTIPLICAR_POR_10
                      00154             ; CORPO DO FOR
001E   0826           00155             MOVFW ACUMULADOR ; RESTO -> WREG
Message[305]: Using default destination of 1 (file).
001F   07A4           00156             ADDWF DIVIDENDO ; DIVIDENDO + WREG -> DIVIDENDO
                      00157             
Message[305]: Using default destination of 1 (file).
0020   0BA7           00158             DECFSZ CONTADOR ; SE CONTADOR != 0, ENTÃO CONTADOR - 1 -> CONTADOR
0021   281E           00159             GOTO FOR_MULTIPLICAR_POR_10
                      00160         
0022   0008           00161         RETURN
                      00162         
                      00163 ;* * * * * * * * * * * * * * * * * * * * * * * * * * * * * * * * * *
                      00164 ;*                     INICIO DO PROGRAMA                          *
                      00165 ;* * * * * * * * * * * * * * * * * * * * * * * * * * * * * * * * * *
                      00166         
0023                  00167 INICIO
0023   1683           00168         BANK1                           ;ALTERA PARA O BANCO 1
0024   3000           00169         MOVLW   B'00000000' ;CONFIGURA TODAS AS PORTAS DO GPIO (PINOS)
Message[302]: Register in operand not in bank 0.  Ensure that bank bits are correct.
0025   0085           00170         MOVWF   TRISIO          ;COMO SAÍDAS
Message[302]: Register in operand not in bank 0.  Ensure that bank bits are correct.
0026   019F           00171         CLRF    ANSEL           ;DEFINE PORTAS COMO Digital I/O
0027   3004           00172         MOVLW   B'00000100'
Message[302]: Register in operand not in bank 0.  Ensure that bank bits are correct.
0028   0081           00173         MOVWF   OPTION_REG      ;DEFINE OPÇÕES DE OPERAÇÃO
0029   3000           00174         MOVLW   B'00000000'
002A   008B           00175         MOVWF   INTCON          ;DEFINE OPÇÕES DE INTERRUPÇÕES
002B   1283           00176         BANK0                           ;RETORNA PARA O BANCO
002C   3007           00177         MOVLW   B'00000111'
002D   0099           00178         MOVWF   CMCON           ;DEFINE O MODO DE OPERAÇÃO DO COMPARADOR ANALÓGICO
                      00179 
                      00180 ;* * * * * * * * * * * * * * * * * * * * * * * * * * * * * * * * * *
                      00181 ;*                     INICIALIZAÇÃO DAS VARIÁVEIS                 *
                      00182 ;* * * * * * * * * * * * * * * * * * * * * * * * * * * * * * * * * *
                      00183 
                      00184 ;* * * * * * * * * * * * * * * * * * * * * * * * * * * * * * * * * *
                      00185 ;*                     ROTINA PRINCIPAL                            *
                      00186 ;* * * * * * * * * * * * * * * * * * * * * * * * * * * * * * * * * *
002E                  00187 MAIN
                      00188 
                      00189         ; CORPO DA ROTINA PRINCIPAL
                      00190         
                      00191         ; SIMULANDO A LEITURA DA ENTRADA
002E   30DC           00192         MOVLW .220 ; DIVIDENDO
MPASM 5.77  /HOME/JV/MPLABXPROJECTS/ATIVIDAD   1-14-2024  20:52:34         PAGE  5


LOC  OBJECT CODE     LINE SOURCE TEXT
  VALUE

002F   00A2           00193         MOVWF DADO
0030   300D           00194         MOVLW .13 ; DIVISOR
0031   00A3           00195         MOVWF WORK
                      00196         
                      00197         ; SIMULANDO A PASSAGEM DA ENTRADA PARA O ALGORITMO PRINCIPAL
0032   0822           00198         MOVFW DADO
0033   00A4           00199         MOVWF DIVIDENDO
0034   0823           00200         MOVFW WORK
0035   00A5           00201         MOVWF DIVISOR
                      00202         
                      00203         ;* * * * * * * * * * PARTE INTEIRA * * * * * * * * * * ;
0036   200C           00204         CALL CONTAR_DIVISORES
0037   00A2           00205         MOVWF DADO ; SALVANDO A PARTE INTEIRA PARA DADO
                      00206         
                      00207         ; CALCULANDO O RESTO
0038   0825           00208         MOVFW DIVISOR
0039   0226           00209         SUBWF ACUMULADOR, .0 ; ACUMULADOR - DIVISOR -> WREG
003A   0224           00210         SUBWF DIVIDENDO, .0 ; DIVIDENDO - (ACUMULADOR - DIVISOR) -> WREG
003B   00A6           00211         MOVWF ACUMULADOR ; RESTO -> ACUMULADOR
                      00212         
                      00213         ; MULTIPLICA O RESTO POR 10, E COLOCA NA VARIÁVEL DIVIDENDO
003C   201A           00214         CALL ATUALIZAR_DIVIDENDO
                      00215         
                      00216         ;* * * * * * * * * * PRIMEIRA DECIMAL * * * * * * * * * * ;
003D   200C           00217         CALL CONTAR_DIVISORES
003E   00A3           00218         MOVWF WORK ; SALVANDO O DÍGITO DA PRIMEIRA CASA DECIMAL
                      00219         
                      00220         ; CALCULANDO O RESTO
003F   0825           00221         MOVFW DIVISOR
0040   0226           00222         SUBWF ACUMULADOR, .0 ; ACUMULADOR - DIVISOR -> WREG
0041   0224           00223         SUBWF DIVIDENDO, .0 ; DIVIDENDO - (ACUMULADOR - DIVISOR) -> WREG
0042   00A6           00224         MOVWF ACUMULADOR ; RESTO -> ACUMULADOR
                      00225         
0043   201A           00226         CALL ATUALIZAR_DIVIDENDO
                      00227         
                      00228         ;* * * * * * * * * * SEGUNDA DECIMAL * * * * * * * * * * ;
0044   200C           00229         CALL CONTAR_DIVISORES
0045   00A7           00230         MOVWF CONTADOR
                      00231         
                      00232         ; SE WREG >= 5, ENTÃO WORK + 1 -> WORK
0046   3005           00233         MOVLW .5
Message[305]: Using default destination of 1 (file).
0047   02A7           00234         SUBWF CONTADOR ; CONTADOR - 5 -> CONTADO
0048   1C03           00235         BTFSS STATUS, C ; SE WREG >= 5, ENTÃO EXECUTAR O "SE", POIS C <- 1
0049   282E           00236         GOTO MAIN
Message[305]: Using default destination of 1 (file).
004A   0AA3           00237         INCF WORK
                      00238         
004B   282E           00239         GOTO    MAIN
                      00240 
                      00241 ;* * * * * * * * * * * * * * * * * * * * * * * * * * * * * * * * * *
                      00242 ;*                       FIM DO PROGRAMA                           *
                      00243 ;* * * * * * * * * * * * * * * * * * * * * * * * * * * * * * * * * *
MPASM 5.77  /HOME/JV/MPLABXPROJECTS/ATIVIDAD   1-14-2024  20:52:34         PAGE  6


LOC  OBJECT CODE     LINE SOURCE TEXT
  VALUE

                      00244 
                      00245         END
MPASM 5.77  /HOME/JV/MPLABXPROJECTS/ATIVIDAD   1-14-2024  20:52:34         PAGE  7


SYMBOL TABLE
  LABEL                             VALUE 

ACUMULADOR                        00000026
ADCON0                            0000001F
ADCS0                             00000004
ADCS1                             00000005
ADCS2                             00000006
ADFM                              00000007
ADIE                              00000006
ADIF                              00000006
ADON                              00000000
ADRESH                            0000001E
ADRESL                            0000009E
ANS0                              00000000
ANS1                              00000001
ANS2                              00000002
ANS3                              00000003
ANSEL                             0000009F
ATUALIZAR_DIVIDENDO               0000001A
BANK0                             BCF STATUS,RP0
BANK1                             BSF STATUS,RP0
C                                 00000000
CAL0                              00000002
CAL1                              00000003
CAL2                              00000004
CAL3                              00000005
CAL4                              00000006
CAL5                              00000007
CHS0                              00000002
CHS1                              00000003
CINV                              00000004
CIS                               00000003
CM0                               00000000
CM1                               00000001
CM2                               00000002
CMCON                             00000019
CMIE                              00000003
CMIF                              00000003
CONTADOR                          00000027
CONTAR_DIVISORES                  0000000C
COUT                              00000006
DADO                              00000022
DC                                00000001
DIVIDENDO                         00000024
DIVISOR                           00000025
EEADR                             0000009B
EECON1                            0000009C
EECON2                            0000009D
EEDAT                             0000009A
EEDATA                            0000009A
EEIE                              00000007
EEIF                              00000007
ENQUANTO                          00000010
F                                 00000001
FIM_ENQUANTO                      00000018
MPASM 5.77  /HOME/JV/MPLABXPROJECTS/ATIVIDAD   1-14-2024  20:52:34         PAGE  8


SYMBOL TABLE
  LABEL                             VALUE 

FOR_MULTIPLICAR_POR_10            0000001E
FSR                               00000004
GIE                               00000007
GO                                00000001
GO_DONE                           00000001
GO_NOT_DONE                       00000001
GP0                               00000000
GP1                               00000001
GP2                               00000002
GP3                               00000003
GP4                               00000004
GP5                               00000005
GPIE                              00000003
GPIF                              00000000
GPIO                              00000005
GPIO0                             00000000
GPIO1                             00000001
GPIO2                             00000002
GPIO3                             00000003
GPIO4                             00000004
GPIO5                             00000005
INDF                              00000000
INICIO                            00000023
INTCON                            0000000B
INTE                              00000004
INTEDG                            00000006
INTF                              00000001
IOC                               00000096
IOC0                              00000000
IOC1                              00000001
IOC2                              00000002
IOC3                              00000003
IOC4                              00000004
IOC5                              00000005
IOCB                              00000096
IOCB0                             00000000
IOCB1                             00000001
IOCB2                             00000002
IOCB3                             00000003
IOCB4                             00000004
IOCB5                             00000005
IRP                               00000007
MAIN                              0000002E
NOT_BOD                           00000000
NOT_BOR                           00000000
NOT_DONE                          00000001
NOT_GPPU                          00000007
NOT_PD                            00000003
NOT_POR                           00000001
NOT_T1SYNC                        00000002
NOT_TO                            00000004
OPTION_REG                        00000081
OSCCAL                            00000090
MPASM 5.77  /HOME/JV/MPLABXPROJECTS/ATIVIDAD   1-14-2024  20:52:34         PAGE  9


SYMBOL TABLE
  LABEL                             VALUE 

PCL                               00000002
PCLATH                            0000000A
PCON                              0000008E
PEIE                              00000006
PIE1                              0000008C
PIR1                              0000000C
PS0                               00000000
PS1                               00000001
PS2                               00000002
PSA                               00000003
RD                                00000000
RP0                               00000005
RP1                               00000006
SAI_INT                           00000007
STATUS                            00000003
STATUS_TEMP                       00000021
T0CS                              00000005
T0IE                              00000005
T0IF                              00000002
T0SE                              00000004
T1CKPS0                           00000004
T1CKPS1                           00000005
T1CON                             00000010
T1IE                              00000000
T1IF                              00000000
T1OSCEN                           00000003
TMR0                              00000001
TMR0IE                            00000005
TMR0IF                            00000002
TMR1                              0000000E
TMR1CS                            00000001
TMR1GE                            00000006
TMR1H                             0000000F
TMR1IE                            00000000
TMR1IF                            00000000
TMR1L                             0000000E
TMR1ON                            00000000
TRISIO                            00000085
TRISIO0                           00000000
TRISIO1                           00000001
TRISIO2                           00000002
TRISIO3                           00000003
TRISIO4                           00000004
TRISIO5                           00000005
VCFG                              00000006
VR0                               00000000
VR1                               00000001
VR2                               00000002
VR3                               00000003
VRCON                             00000099
VREN                              00000007
VRR                               00000005
W                                 00000000
MPASM 5.77  /HOME/JV/MPLABXPROJECTS/ATIVIDAD   1-14-2024  20:52:34         PAGE 10


SYMBOL TABLE
  LABEL                             VALUE 

WORK                              00000023
WPU                               00000095
WPU0                              00000000
WPU1                              00000001
WPU2                              00000002
WPU4                              00000004
WPU5                              00000005
WR                                00000001
WREN                              00000002
WRERR                             00000003
W_TEMP                            00000020
Z                                 00000002
_BODEN_OFF                        00003FBF
_BODEN_ON                         00003FFF
_BOREN_OFF                        00003FBF
_BOREN_ON                         00003FFF
_CONFIG                           00002007
_CPD_OFF                          00003FFF
_CPD_ON                           00003EFF
_CP_OFF                           00003FFF
_CP_ON                            00003F7F
_DEVID1                           00002006
_EC_OSC                           00003FFB
_EXTRC_OSC_CLKOUT                 00003FFF
_EXTRC_OSC_NOCLKOUT               00003FFE
_FOSC_EC                          00003FFB
_FOSC_EXTRCCLK                    00003FFF
_FOSC_EXTRCIO                     00003FFE
_FOSC_HS                          00003FFA
_FOSC_INTRCCLK                    00003FFD
_FOSC_INTRCIO                     00003FFC
_FOSC_LP                          00003FF8
_FOSC_XT                          00003FF9
_HS_OSC                           00003FFA
_IDLOC0                           00002000
_IDLOC1                           00002001
_IDLOC2                           00002002
_IDLOC3                           00002003
_INTRC_OSC_CLKOUT                 00003FFD
_INTRC_OSC_NOCLKOUT               00003FFC
_LP_OSC                           00003FF8
_MCLRE_OFF                        00003FDF
_MCLRE_ON                         00003FFF
_PWRTE_OFF                        00003FFF
_PWRTE_ON                         00003FEF
_WDTE_OFF                         00003FF7
_WDTE_ON                          00003FFF
_WDT_OFF                          00003FF7
_WDT_ON                           00003FFF
_XT_OSC                           00003FF9
__12F675                          00000001
__DEBUG                           
__MPLAB_DEBUGGER_SIMULATOR        1
MPASM 5.77  /HOME/JV/MPLABXPROJECTS/ATIVIDAD   1-14-2024  20:52:34         PAGE 11


MEMORY USAGE MAP ('X' = Used,  '-' = Unused)


0000 : X---XXXXXXXXXXXX XXXXXXXXXXXXXXXX XXXXXXXXXXXXXXXX XXXXXXXXXXXXXXXX
0040 : XXXXXXXXXXXX---- ---------------- ---------------- ----------------
2000 : -------X-------- ---------------- ---------------- ----------------

All other memory blocks unused.

Program Memory Words Used:    73
Program Memory Words Free:   951


Errors   :     0
Warnings :     3 reported,     0 suppressed
Messages :     9 reported,     0 suppressed

