MPASM 5.77  /HOME/JV/MPLABXPROJECTS/ATIVIDAD   3-4-2024  20:56:30         PAGE  1


LOC  OBJECT CODE     LINE SOURCE TEXT
  VALUE

                      00001 ;* * * * * * * * * * * * * * * * * * * * * * * * * * * * * * * * * *
                      00002 ;*              MODIFICAÇÕES PARA USO COM 12F675                   *
                      00003 ;*                FEITAS PELO PROF. MARDSON                        *
                      00004 ;*                      OUTUBRO DE 2022                            *
                      00005 ;*                 BASEADO NO EXEMPLO DO LIVRO                     *
                      00006 ;*           Desbravando o PIC. David José de Souza                *
                      00007 ;*-----------------------------------------------------------------*
                      00008 ;*   MODELO PARA O PIC 12F675                                      *
                      00009 ;* * * * * * * * * * * * * * * * * * * * * * * * * * * * * * * * * *
                      00010 
                      00011 ;* * * * * * * * * * * * * * * * * * * * * * * * * * * * * * * * * *
                      00012 ;*                     ARQUIVOS DE DEFINIÇÕES                      *
                      00013 ;* * * * * * * * * * * * * * * * * * * * * * * * * * * * * * * * * *
                      00014 #INCLUDE <p12f675.inc>  ;ARQUIVO PADRÃO MICROCHIP PARA 12F675
                      00001         LIST
                      00002 
                      00003 ;==========================================================================
                      00004 ; Build date : Nov 22 2017
                      00005 ;  MPASM PIC12F675 processor include
                      00006 ; 
                      00007 ;  (c) Copyright 1999-2017 Microchip Technology, All rights reserved
                      00008 ;==========================================================================
                      00009 
                      00367         LIST
                      00015 
2007   3FA4           00016         __CONFIG _BODEN_OFF & _CP_OFF & _PWRTE_ON & _WDT_OFF & _MCLRE_ON & _INTRC_OSC_NOCLKOUT
                      00017 
                      00018 ;* * * * * * * * * * * * * * * * * * * * * * * * * * * * * * * * * *
                      00019 ;*                    PAGINAÇÃO DE MEMÓRIA                         *
                      00020 ;* * * * * * * * * * * * * * * * * * * * * * * * * * * * * * * * * *
                      00021 ;DEFINIÇÃO DE COMANDOS DE USUÁRIO PARA ALTERAÇÃO DA PÁGINA DE MEMÓRIA
                      00022 #DEFINE BANK0   BCF STATUS,RP0  ;SETA BANK 0 DE MEMÓRIA
                      00023 #DEFINE BANK1   BSF STATUS,RP0  ;SETA BANK 1 DE MAMÓRIA
                      00024 
                      00025 ;* * * * * * * * * * * * * * * * * * * * * * * * * * * * * * * * * *
                      00026 ;*                         VARIÁVEIS                               *
                      00027 ;* * * * * * * * * * * * * * * * * * * * * * * * * * * * * * * * * *
                      00028 ; DEFINIÇÃO DOS NOMES E ENDEREÇOS DE TODAS AS VARIÁVEIS UTILIZADAS 
                      00029 ; PELO SISTEMA
                      00030 
                      00031         CBLOCK 0x20 ;ENDEREÇO INICIAL DA MEMÓRIA DE USUÁRIO
                      00032         
  00000020            00033                 W_TEMP          ;REGISTRADORES TEMPORÁRIOS PARA USO
  00000021            00034                 STATUS_TEMP     ;JUNTO ÀS INTERRUPÇÕES
                      00035 
                      00036                 ;COLOQUE AQUI SUAS NOVAS VARIÁVEIS
  00000022            00037                 ENDERECO
  00000023            00038                 CONTADOR
  00000024            00039                 RW
                      00040 
                      00041         ENDC    ;FIM DO BLOCO DE DEFINIÇÃO DE VARIÁVEIS
                      00042 
                      00043 ;* * * * * * * * * * * * * * * * * * * * * * * * * * * * * * * * * *
MPASM 5.77  /HOME/JV/MPLABXPROJECTS/ATIVIDAD   3-4-2024  20:56:30         PAGE  2


LOC  OBJECT CODE     LINE SOURCE TEXT
  VALUE

                      00044 ;*                        FLAGS INTERNOS                           *
                      00045 ;* * * * * * * * * * * * * * * * * * * * * * * * * * * * * * * * * *
                      00046 ; DEFINIÇÃO DE TODOS OS FLAGS UTILIZADOS PELO SISTEMA
                      00047 
                      00048 ;* * * * * * * * * * * * * * * * * * * * * * * * * * * * * * * * * *
                      00049 ;*                         CONSTANTES                              *
                      00050 ;* * * * * * * * * * * * * * * * * * * * * * * * * * * * * * * * * *
                      00051 ; DEFINIÇÃO DE TODAS AS CONSTANTES UTILIZADAS PELO SISTEMA
                      00052         #DEFINE MEU_ENDERECO 0x28 ; 39 = Endereço de João Victor Silva Bezerra Nascimento
                      00053         #DEFINE TMR0_50ms .61
                      00054         #DEFINE QTD_ATRASO .18
                      00055 
                      00056 ;* * * * * * * * * * * * * * * * * * * * * * * * * * * * * * * * * *
                      00057 ;*                           ENTRADAS                              *
                      00058 ;* * * * * * * * * * * * * * * * * * * * * * * * * * * * * * * * * *
                      00059 ; DEFINIÇÃO DE TODOS OS PINOS QUE SERÃO UTILIZADOS COMO ENTRADA
                      00060 ; RECOMENDAMOS TAMBÉM COMENTAR O SIGNIFICADO DE SEUS ESTADOS (0 E 1)
                      00061         #DEFINE SCL GP0
                      00062         #DEFINE SDA GP1
                      00063         #DEFINE LED GP5
                      00064 
                      00065 ;* * * * * * * * * * * * * * * * * * * * * * * * * * * * * * * * * *
                      00066 ;*                           SAÍDAS                                *
                      00067 ;* * * * * * * * * * * * * * * * * * * * * * * * * * * * * * * * * *
                      00068 ; DEFINIÇÃO DE TODOS OS PINOS QUE SERÃO UTILIZADOS COMO SAÍDA
                      00069 ; RECOMENDAMOS TAMBÉM COMENTAR O SIGNIFICADO DE SEUS ESTADOS (0 E 1)
                      00070 
                      00071 ;* * * * * * * * * * * * * * * * * * * * * * * * * * * * * * * * * *
                      00072 ;*                       VETOR DE RESET                            *
                      00073 ;* * * * * * * * * * * * * * * * * * * * * * * * * * * * * * * * * *
                      00074 
0000                  00075         ORG     0x00                    ;ENDEREÇO INICIAL DE PROCESSAMENTO
0000   2863           00076         GOTO    INICIO
                      00077         
                      00078 ;* * * * * * * * * * * * * * * * * * * * * * * * * * * * * * * * * *
                      00079 ;*                    INÍCIO DA INTERRUPÇÃO                        *
                      00080 ;* * * * * * * * * * * * * * * * * * * * * * * * * * * * * * * * * *
                      00081 ; ENDEREÇO DE DESVIO DAS INTERRUPÇÕES. A PRIMEIRA TAREFA É SALVAR OS
                      00082 ; VALORES DE "W" E "STATUS" PARA RECUPERAÇÃO FUTURA
                      00083 
0004                  00084         ORG     0x04                    ;ENDEREÇO INICIAL DA INTERRUPÇÃO
0004   00A0           00085         MOVWF   W_TEMP          ;COPIA W PARA W_TEMP
0005   0E03           00086         SWAPF   STATUS,W
0006   00A1           00087         MOVWF   STATUS_TEMP     ;COPIA STATUS PARA STATUS_TEMP
                      00088         
                      00089         ; VERIFICANDO SE A INTERRUPÇÃO FOI PELO TIMER0
0007   190B           00090         BTFSC INTCON, T0IF
0008   283A           00091         GOTO FIM_TMR0
                      00092         
                      00093         ; LENDO O GPIO PARA PERMITIR A LIMPEZA DA FLAG GPIF
0009   0805           00094         MOVFW GPIO
000A   100B           00095         BCF INTCON, GPIF ; LIMPAR FLAG DE INTERRUPÇÃO POR PORTA
                      00096         
MPASM 5.77  /HOME/JV/MPLABXPROJECTS/ATIVIDAD   3-4-2024  20:56:30         PAGE  3


LOC  OBJECT CODE     LINE SOURCE TEXT
  VALUE

                      00097         ; VERIFICANDO SE A INTERRUPÇÃO VEIO DE UM BIT DE CONTROLE
000B   1C05           00098         BTFSS GPIO, SCL
000C   283F           00099         GOTO SAI_INT
                      00100         
                      00101         ; VERIFICANDO SE É UM START BIT (SE SDA = 0, É UM START BIT)
000D   1885           00102         BTFSC GPIO, SDA
000E   283F           00103         GOTO SAI_INT
000F   2810           00104         GOTO START_BIT
                      00105 
                      00106 ;* * * * * * * * * * * * * * * * * * * * * * * * * * * * * * * * * *
                      00107 ;*                    ROTINA DE INTERRUPÇÃO                        *
                      00108 ;* * * * * * * * * * * * * * * * * * * * * * * * * * * * * * * * * *
                      00109 ; AQUI SERÃO ESCRITAS AS ROTINAS DE RECONHECIMENTO E TRATAMENTO DAS
                      00110 ; INTERRUPÇÕES
                      00111         
0010                  00112 START_BIT
0010   01A2           00113         CLRF ENDERECO ; LIMPANDO O ENDERECO PARA RECEBER DE SDA
0011   01A4           00114         CLRF RW ; LIMPANDO RW
0012   3007           00115         MOVLW .7
0013   00A3           00116         MOVWF CONTADOR ; SETANDO CONTADOR DE BITS A SEREM LIDOS
                      00117             
Warning[207]: Found label after column 1. (LER_BIT)
0014                  00118         LER_BIT
0014   204D           00119             CALL ESPERAR_SCL_FALL ; ESPERANDO BORDA DE DESCIDA DO SCL (NÃO LER SDA AINDA)
0015   204A           00120             CALL ESPERAR_SCL_RISE ; ESPERANDO BORDA DE SUBIDA DO SCL
                      00121 
                      00122             ; WREG <- SDA (EXTRAINDO SDA)
0016   0C05           00123             RRF GPIO, W
0017   3901           00124             ANDLW B'00000001'
                      00125 
                      00126             ; CONCATENANDO SDA NO ENDEREÇO
Message[305]: Using default destination of 1 (file).
0018   04A2           00127             IORWF ENDERECO
0019   1003           00128             BCF STATUS, C ; LIMPANDO FLAG PARA ROTACIONAR COM 0 PARA A ESQUERDA
001A   0DA2           00129             RLF ENDERECO, F
                      00130 
                      00131             ; LER 7 BITS
Message[305]: Using default destination of 1 (file).
001B   0BA3           00132             DECFSZ CONTADOR
001C   2814           00133             GOTO LER_BIT
                      00134         
                      00135         ; CONSERTANDO BIT EXTRA QUE FOI ROTACIONADO PARA ESQUERDA
001D   0CA2           00136         RRF ENDERECO, F
                      00137         
                      00138         ; ESPERANDO BORDA DE DESCIDA DO ÚLTIMO BIT DE ENDEREÇO
001E   204D           00139         CALL ESPERAR_SCL_FALL
                      00140         
                      00141         ; ESPERANDO BORDA DE SUBIDA DO BIT R/W
001F   204A           00142         CALL ESPERAR_SCL_RISE
                      00143             
                      00144         ; WREG <- SDA (EXTRAINDO R/W)
0020   0C05           00145         RRF GPIO, W
0021   3901           00146         ANDLW B'00000001'
MPASM 5.77  /HOME/JV/MPLABXPROJECTS/ATIVIDAD   3-4-2024  20:56:30         PAGE  4


LOC  OBJECT CODE     LINE SOURCE TEXT
  VALUE

                      00147         
                      00148         ; RW <- SDA
Message[305]: Using default destination of 1 (file).
0022   04A4           00149         IORWF RW
                      00150         
                      00151         ; CHECANDO SE ENDERECO = MEU_ENDERECO
0023   3028           00152         MOVLW MEU_ENDERECO
Message[305]: Using default destination of 1 (file).
0024   02A2           00153         SUBWF ENDERECO
0025   1D03           00154         BTFSS STATUS, Z
0026   2833           00155         GOTO ENDERECO_DIFERENTE
                      00156         
                      00157         ; ESPERANDO CLOCK DESCER PARA MEXER NO ACK
0027   204D           00158         CALL ESPERAR_SCL_FALL
0028   2050           00159         CALL CONFIG_ACK ; CONFIGURANDO PIC PARA ENVIAR BIT DE ACKNOWLEDGE
0029   1085           00160         BCF GPIO, SDA ; CONFIRMANDO RECEBIMENTO DA MENSAGEM
002A   204A           00161         CALL ESPERAR_SCL_RISE ; ENVIANDO ACK
002B   204D           00162         CALL ESPERAR_SCL_FALL ; ACK ENVIADO
                      00163         
                      00164         ; CONFIGURANDO TMR0 PARA CONTAR 50ms
002C   205A           00165         CALL CONFIG_TMR0
                      00166         
002D   1683           00167         BANK1
Message[302]: Register in operand not in bank 0.  Ensure that bank bits are correct.
002E   1005           00168         BCF TRISIO, SCL ; SETANDO SCL PARA SAÍDA
002F   1283           00169         BANK0
0030   1005           00170         BCF GPIO, SCL ; SEGURANDO O CLOCK EM LOW
0031   1685           00171         BSF GPIO, LED ; LIGANDO O LED DE ACKNOWLEDGE
                      00172         
0032   283F           00173         GOTO SAI_INT
                      00174         
Warning[207]: Found label after column 1. (ENDERECO_DIFERENTE)
0033                  00175         ENDERECO_DIFERENTE
0033   204D           00176             CALL ESPERAR_SCL_FALL
0034   2050           00177             CALL CONFIG_ACK ; CONFIGURANDO PIC PARA ENVIAR BIT DE ACKNOWLEDGE
0035   1485           00178             BSF GPIO, SDA ; SETANDO ACK COMO NEGATIVO (NÃO RECEBER MAIS DADOS DO I2C)
0036   204A           00179             CALL ESPERAR_SCL_RISE
                      00180             
                      00181             ; ESPERANDO SCL DESCER PARA NÃO PROVOCAR MUDANÇAS NÃO PERMITIDAS NO SDA
0037   204D           00182             CALL ESPERAR_SCL_FALL
0038   2054           00183             CALL DECONFIG_ACK
                      00184             
0039   283F           00185             GOTO SAI_INT
                      00186         
003A                  00187 FIM_TMR0
                      00188         ; DESFAZENDO CONFIGURAÇÕES PARA TMR0
003A   205F           00189         CALL DECONFIG_TMR0
003B   2054           00190         CALL DECONFIG_ACK
003C   2044           00191         CALL ATRASAR ; FAZENDO O LED FICAR LIGADO POR EXATAMENTE 50ms
003D   1285           00192         BCF GPIO, LED ; DESLIGANDO O LED
003E   283F           00193         GOTO SAI_INT
                      00194 
                      00195 ;* * * * * * * * * * * * * * * * * * * * * * * * * * * * * * * * * *
MPASM 5.77  /HOME/JV/MPLABXPROJECTS/ATIVIDAD   3-4-2024  20:56:30         PAGE  5


LOC  OBJECT CODE     LINE SOURCE TEXT
  VALUE

                      00196 ;*                 ROTINA DE SAÍDA DA INTERRUPÇÃO                  *
                      00197 ;* * * * * * * * * * * * * * * * * * * * * * * * * * * * * * * * * *
                      00198 ; OS VALORES DE "W" E "STATUS" DEVEM SER RECUPERADOS ANTES DE 
                      00199 ; RETORNAR DA INTERRUPÇÃO
                      00200 
003F                  00201 SAI_INT
003F   0E21           00202         SWAPF   STATUS_TEMP,W
0040   0083           00203         MOVWF   STATUS          ;MOVE STATUS_TEMP PARA STATUS
0041   0EA0           00204         SWAPF   W_TEMP,F
0042   0E20           00205         SWAPF   W_TEMP,W        ;MOVE W_TEMP PARA W
0043   0009           00206         RETFIE
                      00207 
                      00208 ;* * * * * * * * * * * * * * * * * * * * * * * * * * * * * * * * * *
                      00209 ;*                       ROTINAS E SUBROTINAS                      *
                      00210 ;* * * * * * * * * * * * * * * * * * * * * * * * * * * * * * * * * *
                      00211 ; CADA ROTINA OU SUBROTINA DEVE POSSUIR A DESCRIÇÃO DE FUNCIONAMENTO
                      00212 ; E UM NOME COERENTE ÀS SUAS FUNÇÕES.
                      00213         
0044                  00214 ATRASAR
0044   3012           00215         MOVLW QTD_ATRASO
0045   00A3           00216         MOVWF CONTADOR
Warning[207]: Found label after column 1. (LOOP_ATRASO)
0046                  00217         LOOP_ATRASO
Message[305]: Using default destination of 1 (file).
0046   0BA3           00218             DECFSZ CONTADOR
0047   2846           00219             GOTO LOOP_ATRASO
0048   0000           00220         NOP
0049   0008           00221         RETURN
                      00222         
004A                  00223 ESPERAR_SCL_RISE
004A   1C05           00224         BTFSS GPIO, SCL
004B   284A           00225         GOTO ESPERAR_SCL_RISE
004C   0008           00226         RETURN
                      00227         
004D                  00228 ESPERAR_SCL_FALL
004D   1805           00229         BTFSC GPIO, SCL
004E   284D           00230         GOTO ESPERAR_SCL_FALL
004F   0008           00231         RETURN
                      00232         
0050                  00233 CONFIG_ACK
0050   1683           00234         BANK1
Message[302]: Register in operand not in bank 0.  Ensure that bank bits are correct.
0051   1085           00235         BCF TRISIO, SDA ; CONFIGURANDO SDA COMO SAÍDA PARA ENVIAR O ACK
0052   1283           00236         BANK0
0053   0008           00237         RETURN
                      00238         
0054                  00239 DECONFIG_ACK
0054   1683           00240         BANK1
0055   3003           00241         MOVLW B'00000011'
Message[302]: Register in operand not in bank 0.  Ensure that bank bits are correct.
0056   0085           00242         MOVWF TRISIO
Message[302]: Register in operand not in bank 0.  Ensure that bank bits are correct.
0057   0095           00243         MOVWF WPU
MPASM 5.77  /HOME/JV/MPLABXPROJECTS/ATIVIDAD   3-4-2024  20:56:30         PAGE  6


LOC  OBJECT CODE     LINE SOURCE TEXT
  VALUE

0058   1283           00244         BANK0
0059   0008           00245         RETURN
                      00246         
005A                  00247 CONFIG_TMR0
005A   303D           00248         MOVLW TMR0_50ms
005B   0081           00249         MOVWF TMR0
005C   168B           00250         BSF INTCON, T0IE ; HABILITANDO INTERRUPÇÕES PELO TMR0
005D   118B           00251         BCF INTCON, GPIE ; DESABILITANDO INTERRUPÇÕES POR PORTAS
005E   0008           00252         RETURN
                      00253         
005F                  00254 DECONFIG_TMR0
005F   128B           00255         BCF INTCON, T0IE
0060   158B           00256         BSF INTCON, GPIE
0061   110B           00257         BCF INTCON, T0IF
0062   0008           00258         RETURN
                      00259 
                      00260 ;* * * * * * * * * * * * * * * * * * * * * * * * * * * * * * * * * *
                      00261 ;*                     INICIO DO PROGRAMA                          *
                      00262 ;* * * * * * * * * * * * * * * * * * * * * * * * * * * * * * * * * *
                      00263         
0063                  00264 INICIO
0063   1683           00265         BANK1                   ;ALTERA PARA O BANCO 1
                      00266         
                      00267         ;GP0 = SCL (ENTRADA PULL-UP)
                      00268         ;GP1 = SDA (ENTRADA PULL-UP)
                      00269         ;GP5 = LED (SAÍDA)
0064   3003           00270         MOVLW   B'00000011'
Message[302]: Register in operand not in bank 0.  Ensure that bank bits are correct.
0065   0085           00271         MOVWF   TRISIO
Message[302]: Register in operand not in bank 0.  Ensure that bank bits are correct.
0066   0095           00272         MOVWF   WPU             ;ATIVA PULL-UP DO SCL E SDA
                      00273         
Message[302]: Register in operand not in bank 0.  Ensure that bank bits are correct.
0067   019F           00274         CLRF    ANSEL           ;DEFINE PORTAS COMO Digital I/O
0068   3007           00275         MOVLW   B'00000111'
Message[302]: Register in operand not in bank 0.  Ensure that bank bits are correct.
0069   0081           00276         MOVWF   OPTION_REG      ;TMR0 PRESCALER 1:256, PULL-UPS HABILITADOS
                      00277         
006A   3088           00278         MOVLW   B'10001000'
006B   008B           00279         MOVWF   INTCON          ;INTERRUPÇÕES POR PORTAS
                      00280         
006C   3002           00281         MOVLW   B'00000010'
Message[302]: Register in operand not in bank 0.  Ensure that bank bits are correct.
006D   0096           00282         MOVWF   IOC             ;INTERRUPÇÕES PELO SDA
                      00283         
006E   1283           00284         BANK0                   ;RETORNA PARA O BANCO 0
006F   3007           00285         MOVLW   B'00000111'
0070   0099           00286         MOVWF   CMCON           ;DEFINE O MODO DE OPERAÇÃO DO COMPARADOR ANALÓGICO
                      00287 
                      00288 ;* * * * * * * * * * * * * * * * * * * * * * * * * * * * * * * * * *
                      00289 ;*                     INICIALIZAÇÃO DAS VARIÁVEIS                 *
                      00290 ;* * * * * * * * * * * * * * * * * * * * * * * * * * * * * * * * * *
                      00291         
MPASM 5.77  /HOME/JV/MPLABXPROJECTS/ATIVIDAD   3-4-2024  20:56:30         PAGE  7


LOC  OBJECT CODE     LINE SOURCE TEXT
  VALUE

                      00292 ;* * * * * * * * * * * * * * * * * * * * * * * * * * * * * * * * * *
                      00293 ;*                     ROTINA PRINCIPAL                            *
                      00294 ;* * * * * * * * * * * * * * * * * * * * * * * * * * * * * * * * * *
0071                  00295 MAIN
                      00296         
0071   2871           00297         GOTO    MAIN
                      00298 
                      00299 ;* * * * * * * * * * * * * * * * * * * * * * * * * * * * * * * * * *
                      00300 ;*                       FIM DO PROGRAMA                           *
                      00301 ;* * * * * * * * * * * * * * * * * * * * * * * * * * * * * * * * * *
                      00302 
                      00303         END
MPASM 5.77  /HOME/JV/MPLABXPROJECTS/ATIVIDAD   3-4-2024  20:56:30         PAGE  8


SYMBOL TABLE
  LABEL                             VALUE 

ADCON0                            0000001F
ADCS0                             00000004
ADCS1                             00000005
ADCS2                             00000006
ADFM                              00000007
ADIE                              00000006
ADIF                              00000006
ADON                              00000000
ADRESH                            0000001E
ADRESL                            0000009E
ANS0                              00000000
ANS1                              00000001
ANS2                              00000002
ANS3                              00000003
ANSEL                             0000009F
ATRASAR                           00000044
BANK0                             BCF STATUS,RP0
BANK1                             BSF STATUS,RP0
C                                 00000000
CAL0                              00000002
CAL1                              00000003
CAL2                              00000004
CAL3                              00000005
CAL4                              00000006
CAL5                              00000007
CHS0                              00000002
CHS1                              00000003
CINV                              00000004
CIS                               00000003
CM0                               00000000
CM1                               00000001
CM2                               00000002
CMCON                             00000019
CMIE                              00000003
CMIF                              00000003
CONFIG_ACK                        00000050
CONFIG_TMR0                       0000005A
CONTADOR                          00000023
COUT                              00000006
DC                                00000001
DECONFIG_ACK                      00000054
DECONFIG_TMR0                     0000005F
EEADR                             0000009B
EECON1                            0000009C
EECON2                            0000009D
EEDAT                             0000009A
EEDATA                            0000009A
EEIE                              00000007
EEIF                              00000007
ENDERECO                          00000022
ENDERECO_DIFERENTE                00000033
ESPERAR_SCL_FALL                  0000004D
ESPERAR_SCL_RISE                  0000004A
MPASM 5.77  /HOME/JV/MPLABXPROJECTS/ATIVIDAD   3-4-2024  20:56:30         PAGE  9


SYMBOL TABLE
  LABEL                             VALUE 

F                                 00000001
FIM_TMR0                          0000003A
FSR                               00000004
GIE                               00000007
GO                                00000001
GO_DONE                           00000001
GO_NOT_DONE                       00000001
GP0                               00000000
GP1                               00000001
GP2                               00000002
GP3                               00000003
GP4                               00000004
GP5                               00000005
GPIE                              00000003
GPIF                              00000000
GPIO                              00000005
GPIO0                             00000000
GPIO1                             00000001
GPIO2                             00000002
GPIO3                             00000003
GPIO4                             00000004
GPIO5                             00000005
INDF                              00000000
INICIO                            00000063
INTCON                            0000000B
INTE                              00000004
INTEDG                            00000006
INTF                              00000001
IOC                               00000096
IOC0                              00000000
IOC1                              00000001
IOC2                              00000002
IOC3                              00000003
IOC4                              00000004
IOC5                              00000005
IOCB                              00000096
IOCB0                             00000000
IOCB1                             00000001
IOCB2                             00000002
IOCB3                             00000003
IOCB4                             00000004
IOCB5                             00000005
IRP                               00000007
LED                               GP5
LER_BIT                           00000014
LOOP_ATRASO                       00000046
MAIN                              00000071
MEU_ENDERECO                      0x28
NOT_BOD                           00000000
NOT_BOR                           00000000
NOT_DONE                          00000001
NOT_GPPU                          00000007
NOT_PD                            00000003
MPASM 5.77  /HOME/JV/MPLABXPROJECTS/ATIVIDAD   3-4-2024  20:56:30         PAGE 10


SYMBOL TABLE
  LABEL                             VALUE 

NOT_POR                           00000001
NOT_T1SYNC                        00000002
NOT_TO                            00000004
OPTION_REG                        00000081
OSCCAL                            00000090
PCL                               00000002
PCLATH                            0000000A
PCON                              0000008E
PEIE                              00000006
PIE1                              0000008C
PIR1                              0000000C
PS0                               00000000
PS1                               00000001
PS2                               00000002
PSA                               00000003
QTD_ATRASO                        .18
RD                                00000000
RP0                               00000005
RP1                               00000006
RW                                00000024
SAI_INT                           0000003F
SCL                               GP0
SDA                               GP1
START_BIT                         00000010
STATUS                            00000003
STATUS_TEMP                       00000021
T0CS                              00000005
T0IE                              00000005
T0IF                              00000002
T0SE                              00000004
T1CKPS0                           00000004
T1CKPS1                           00000005
T1CON                             00000010
T1IE                              00000000
T1IF                              00000000
T1OSCEN                           00000003
TMR0                              00000001
TMR0IE                            00000005
TMR0IF                            00000002
TMR0_50ms                         .61
TMR1                              0000000E
TMR1CS                            00000001
TMR1GE                            00000006
TMR1H                             0000000F
TMR1IE                            00000000
TMR1IF                            00000000
TMR1L                             0000000E
TMR1ON                            00000000
TRISIO                            00000085
TRISIO0                           00000000
TRISIO1                           00000001
TRISIO2                           00000002
TRISIO3                           00000003
MPASM 5.77  /HOME/JV/MPLABXPROJECTS/ATIVIDAD   3-4-2024  20:56:30         PAGE 11


SYMBOL TABLE
  LABEL                             VALUE 

TRISIO4                           00000004
TRISIO5                           00000005
VCFG                              00000006
VR0                               00000000
VR1                               00000001
VR2                               00000002
VR3                               00000003
VRCON                             00000099
VREN                              00000007
VRR                               00000005
W                                 00000000
WPU                               00000095
WPU0                              00000000
WPU1                              00000001
WPU2                              00000002
WPU4                              00000004
WPU5                              00000005
WR                                00000001
WREN                              00000002
WRERR                             00000003
W_TEMP                            00000020
Z                                 00000002
_BODEN_OFF                        00003FBF
_BODEN_ON                         00003FFF
_BOREN_OFF                        00003FBF
_BOREN_ON                         00003FFF
_CONFIG                           00002007
_CPD_OFF                          00003FFF
_CPD_ON                           00003EFF
_CP_OFF                           00003FFF
_CP_ON                            00003F7F
_DEVID1                           00002006
_EC_OSC                           00003FFB
_EXTRC_OSC_CLKOUT                 00003FFF
_EXTRC_OSC_NOCLKOUT               00003FFE
_FOSC_EC                          00003FFB
_FOSC_EXTRCCLK                    00003FFF
_FOSC_EXTRCIO                     00003FFE
_FOSC_HS                          00003FFA
_FOSC_INTRCCLK                    00003FFD
_FOSC_INTRCIO                     00003FFC
_FOSC_LP                          00003FF8
_FOSC_XT                          00003FF9
_HS_OSC                           00003FFA
_IDLOC0                           00002000
_IDLOC1                           00002001
_IDLOC2                           00002002
_IDLOC3                           00002003
_INTRC_OSC_CLKOUT                 00003FFD
_INTRC_OSC_NOCLKOUT               00003FFC
_LP_OSC                           00003FF8
_MCLRE_OFF                        00003FDF
_MCLRE_ON                         00003FFF
MPASM 5.77  /HOME/JV/MPLABXPROJECTS/ATIVIDAD   3-4-2024  20:56:30         PAGE 12


SYMBOL TABLE
  LABEL                             VALUE 

_PWRTE_OFF                        00003FFF
_PWRTE_ON                         00003FEF
_WDTE_OFF                         00003FF7
_WDTE_ON                          00003FFF
_WDT_OFF                          00003FF7
_WDT_ON                           00003FFF
_XT_OSC                           00003FF9
__12F675                          00000001
__DEBUG                           
__MPLAB_DEBUGGER_SIMULATOR        1


MEMORY USAGE MAP ('X' = Used,  '-' = Unused)

0000 : X---XXXXXXXXXXXX XXXXXXXXXXXXXXXX XXXXXXXXXXXXXXXX XXXXXXXXXXXXXXXX
0040 : XXXXXXXXXXXXXXXX XXXXXXXXXXXXXXXX XXXXXXXXXXXXXXXX XX--------------
2000 : -------X-------- ---------------- ---------------- ----------------

All other memory blocks unused.

Program Memory Words Used:   111
Program Memory Words Free:   913


Errors   :     0
Warnings :     3 reported,     0 suppressed
Messages :    14 reported,     0 suppressed

